Sender: LSF System <hpc-grid-lsfadmin@hpc-prod-grid-lsfexec-106.gel.zone>
Subject: Job 505351: </re_gecip/inherited_cancer_predisposition/ccharalambous/Final_execution/scripts/S08_annotate_with_clinvar/s00_rename_clinvar_chr.sh> in cluster <pegasus> Done

Job </re_gecip/inherited_cancer_predisposition/ccharalambous/Final_execution/scripts/S08_annotate_with_clinvar/s00_rename_clinvar_chr.sh> was submitted from host <hpc-prod-grid-login-gecip-01.gel.zone> by user <ccharalambous> in cluster <pegasus> at Wed May  8 13:01:43 2019
Job was executed on host(s) <hpc-prod-grid-lsfexec-106.gel.zone>, in queue <gecip>, as user <ccharalambous> in cluster <pegasus> at Wed May  8 13:01:44 2019
</home/ccharalambous> was used as the home directory.
</re_gecip/inherited_cancer_predisposition/ccharalambous/Final_execution/scripts/S08_annotate_with_clinvar> was used as the working directory.
Started at Wed May  8 13:01:44 2019
Terminated at Wed May  8 13:02:15 2019
Results reported at Wed May  8 13:02:15 2019

Your job looked like:

------------------------------------------------------------
# LSBATCH: User input
/re_gecip/inherited_cancer_predisposition/ccharalambous/Final_execution/scripts/S08_annotate_with_clinvar/s00_rename_clinvar_chr.sh
------------------------------------------------------------

Successfully completed.

Resource usage summary:

    CPU time :                                   13.15 sec.
    Max Memory :                                 3 MB
    Average Memory :                             3.00 MB
    Total Requested Memory :                     -
    Delta Memory :                               -
    Max Swap :                                   156 MB
    Max Processes :                              5
    Max Threads :                                6
    Run time :                                   31 sec.
    Turnaround time :                            32 sec.

The output (if any) follows:

Rename chromosomes in ClinVar
Wed  8 May 13:01:44 BST 2019

Changes 1,2,3... style to chr1,chr2,chr3... style. 
This is necessary for compartibility of ClinVar-VCF with Aggregated-VCF provided by GEL.


--- Inlut and output files ---

source_clinvar_vcf: /public_data_resources/clinvar/20190219/clinvar/vcf_GRCh38/clinvar_20190219.vcf.gz
updated_clinvar_vcf: /re_gecip/inherited_cancer_predisposition/ccharalambous/Final_execution/data/S08_annotate_with_clinvar/clinvar_update/clinvar_20190219_updated.vcf.gz
chromosomes_translation_file: /re_gecip/inherited_cancer_predisposition/ccharalambous/Final_execution/data/S08_annotate_with_clinvar/clinvar_update/chromosomes_translation.txt
aggregated_gel_vcf: /gel_data_resources/main_programme/aggregated_illumina_gvcf/GRCH38/20190228/data/60k_GRCH38_germline_mergedgVCF_chr1_10001_207666.bcf

--- Contigs in source ClinVar VCF header ---

##contig=<ID=1>
##contig=<ID=2>
##contig=<ID=3>
##contig=<ID=4>
##contig=<ID=5>
##contig=<ID=6>
##contig=<ID=7>
##contig=<ID=8>
##contig=<ID=9>
##contig=<ID=10>
##contig=<ID=11>
##contig=<ID=12>
##contig=<ID=13>
##contig=<ID=14>
##contig=<ID=15>
##contig=<ID=16>
##contig=<ID=17>
##contig=<ID=18>
##contig=<ID=19>
##contig=<ID=20>
##contig=<ID=21>
##contig=<ID=22>
##contig=<ID=X>
##contig=<ID=Y>
##contig=<ID=MT>

--- Number of records in source ClinVar VCF ---

442345

--- Contigs in aggregated GEL VCF ---

##contig=<ID=chr1,length=248956422>
##contig=<ID=chr2,length=242193529>
##contig=<ID=chr3,length=198295559>
##contig=<ID=chr4,length=190214555>
##contig=<ID=chr5,length=181538259>
##contig=<ID=chr6,length=170805979>
##contig=<ID=chr7,length=159345973>
##contig=<ID=chr8,length=145138636>
##contig=<ID=chr9,length=138394717>
##contig=<ID=chr10,length=133797422>
##contig=<ID=chr11,length=135086622>
##contig=<ID=chr12,length=133275309>
##contig=<ID=chr13,length=114364328>
##contig=<ID=chr14,length=107043718>
##contig=<ID=chr15,length=101991189>
##contig=<ID=chr16,length=90338345>
##contig=<ID=chr17,length=83257441>
##contig=<ID=chr18,length=80373285>
##contig=<ID=chr19,length=58617616>
##contig=<ID=chr20,length=64444167>
##contig=<ID=chr21,length=46709983>
##contig=<ID=chr22,length=50818468>
##contig=<ID=chrX,length=156040895>
##contig=<ID=chrY,length=57227415>
##contig=<ID=chrM,length=16569>
##contig=<ID=chr1_KI270706v1_random,length=175055>
##contig=<ID=chr1_KI270707v1_random,length=32032>
...

--- Translation file ---

1	chr1
2	chr2
3	chr3
4	chr4
5	chr5
6	chr6
7	chr7
8	chr8
9	chr9
10	chr10
11	chr11
12	chr12
13	chr13
14	chr14
15	chr15
16	chr16
17	chr17
18	chr18
19	chr19
20	chr20
21	chr21
22	chr22
X	chrX
Y	chrY
MT	chrMT

--- Updating ClinVar VCF ---

...

--- Contigs in updated ClinVar VCF header ---

##contig=<ID=chr1>
##contig=<ID=chr2>
##contig=<ID=chr3>
##contig=<ID=chr4>
##contig=<ID=chr5>
##contig=<ID=chr6>
##contig=<ID=chr7>
##contig=<ID=chr8>
##contig=<ID=chr9>
##contig=<ID=chr10>
##contig=<ID=chr11>
##contig=<ID=chr12>
##contig=<ID=chr13>
##contig=<ID=chr14>
##contig=<ID=chr15>
##contig=<ID=chr16>
##contig=<ID=chr17>
##contig=<ID=chr18>
##contig=<ID=chr19>
##contig=<ID=chr20>
##contig=<ID=chr21>
##contig=<ID=chr22>
##contig=<ID=chrX>
##contig=<ID=chrY>
##contig=<ID=chrMT>

--- Number of records in updated ClinVar VCF ---

442345

Done
Wed  8 May 13:02:15 BST 2019



PS:

Read file </re_gecip/inherited_cancer_predisposition/ccharalambous/Final_execution/scripts/S08_annotate_with_clinvar/s00_update_clinvar.err> for stderr output of this job.

